Arguments: 
  /home/emwrld/.nvm/versions/node/v18.15.0/bin/node /home/emwrld/.cache/node/corepack/yarn/1.22.19/bin/yarn.js add dotenv

PATH: 
  /home/emwrld/.local/bin:/home/emwrld/.nvm/versions/node/v18.15.0/bin:/home/emwrld/.local/bin:/usr/local/sbin:/usr/local/bin:/usr/sbin:/usr/bin:/sbin:/bin:/usr/games:/usr/local/games:/snap/bin:/snap/bin:/home/emwrld/.dotnet/tools

Yarn version: 
  1.22.19

Node version: 
  18.15.0

Platform: 
  linux x64

Trace: 
  Error: getaddrinfo EAI_AGAIN registry.yarnpkg.com
      at GetAddrInfoReqWrap.onlookup [as oncomplete] (node:dns:107:26)

npm manifest: 
  {
    "dependencies": {
      "ethers": "^6.7.1",
      "fs-extra": "^11.1.1",
      "prompt-sync": "^4.2.0",
      "solc": "^0.8.7-fixed"
    },
    "scripts": {
      "compiler": "yarn solcjs --bin --abi --include-path node_modules/ --base-path . -o . SimpleStorage.sol"
    }
  }

yarn manifest: 
  No manifest

Lockfile: 
  # THIS IS AN AUTOGENERATED FILE. DO NOT EDIT THIS FILE DIRECTLY.
  # yarn lockfile v1
  
  
  "@adraffy/ens-normalize@1.9.2":
    version "1.9.2"
    resolved "https://registry.npmjs.org/@adraffy/ens-normalize/-/ens-normalize-1.9.2.tgz"
    integrity sha512-0h+FrQDqe2Wn+IIGFkTCd4aAwTJ+7834Ek1COohCyV26AXhwQ7WQaz+4F/nLOeVl/3BtWHOHLPsq46V8YB46Eg==
  
  "@noble/hashes@1.1.2":
    version "1.1.2"
    resolved "https://registry.npmjs.org/@noble/hashes/-/hashes-1.1.2.tgz"
    integrity sha512-KYRCASVTv6aeUi1tsF8/vpyR7zpfs3FUzy2Jqm+MU+LmUKhQ0y2FpfwqkCcxSg2ua4GALJd8k2R76WxwZGbQpA==
  
  "@noble/secp256k1@1.7.1":
    version "1.7.1"
    resolved "https://registry.npmjs.org/@noble/secp256k1/-/secp256k1-1.7.1.tgz"
    integrity sha512-hOUk6AyBFmqVrv7k5WAw/LpszxVbj9gGN4JRkIX52fdFAj1UA61KXmZDvqVEm+pOyec3+fIeZB02LYa/pWOArw==
  
  "@types/node@18.15.13":
    version "18.15.13"
    resolved "https://registry.npmjs.org/@types/node/-/node-18.15.13.tgz"
    integrity sha512-N+0kuo9KgrUQ1Sn/ifDXsvg0TTleP7rIy4zOBGECxAljqvqfqpTfzx0Q1NUedOixRMBfe2Whhb056a42cWs26Q==
  
  aes-js@4.0.0-beta.5:
    version "4.0.0-beta.5"
    resolved "https://registry.npmjs.org/aes-js/-/aes-js-4.0.0-beta.5.tgz"
    integrity sha512-G965FqalsNyrPqgEGON7nIx1e/OVENSgiEIzyC63haUMuvNnwIgIjMs52hlTCKhkBny7A2ORNlfY9Zu+jmGk1Q==
  
  ansi-regex@^4.1.0:
    version "4.1.1"
    resolved "https://registry.npmjs.org/ansi-regex/-/ansi-regex-4.1.1.tgz"
    integrity sha512-ILlv4k/3f6vfQ4OoP2AGvirOktlQ98ZEL1k9FaQjxa3L1abBgbuTDAdPOpvbGncC0BTVQrl+OM8xZGK6tWXt7g==
  
  command-exists@^1.2.8:
    version "1.2.9"
    resolved "https://registry.npmjs.org/command-exists/-/command-exists-1.2.9.tgz"
    integrity sha512-LTQ/SGc+s0Xc0Fu5WaKnR0YiygZkm9eKFvyS+fRsU7/ZWFF8ykFM6Pc9aCVf1+xasOOZpO3BAVgVrKvsqKHV7w==
  
  commander@^8.1.0:
    version "8.3.0"
    resolved "https://registry.npmjs.org/commander/-/commander-8.3.0.tgz"
    integrity sha512-OkTL9umf+He2DZkUq8f8J9of7yL6RJKI24dVITBmNfZBmri9zYZQrKkuXiKhyfPSu8tUhnVBB1iKXevvnlR4Ww==
  
  ethers@^6.7.1:
    version "6.7.1"
    resolved "https://registry.npmjs.org/ethers/-/ethers-6.7.1.tgz"
    integrity sha512-qX5kxIFMfg1i+epfgb0xF4WM7IqapIIu50pOJ17aebkxxa4BacW5jFrQRmCJpDEg2ZK2oNtR5QjrQ1WDBF29dA==
    dependencies:
      "@adraffy/ens-normalize" "1.9.2"
      "@noble/hashes" "1.1.2"
      "@noble/secp256k1" "1.7.1"
      "@types/node" "18.15.13"
      aes-js "4.0.0-beta.5"
      tslib "2.4.0"
      ws "8.5.0"
  
  follow-redirects@^1.12.1:
    version "1.15.3"
    resolved "https://registry.npmjs.org/follow-redirects/-/follow-redirects-1.15.3.tgz"
    integrity sha512-1VzOtuEM8pC9SFU1E+8KfTjZyMztRsgEfwQl44z8A25uy13jSzTj6dyK2Df52iV0vgHCfBwLhDWevLn95w5v6Q==
  
  fs-extra@^11.1.1:
    version "11.1.1"
    resolved "https://registry.npmjs.org/fs-extra/-/fs-extra-11.1.1.tgz"
    integrity sha512-MGIE4HOvQCeUCzmlHs0vXpih4ysz4wg9qiSAu6cd42lVwPbTM1TjV7RusoyQqMmk/95gdQZX72u+YW+c3eEpFQ==
    dependencies:
      graceful-fs "^4.2.0"
      jsonfile "^6.0.1"
      universalify "^2.0.0"
  
  graceful-fs@^4.1.6, graceful-fs@^4.2.0:
    version "4.2.11"
    resolved "https://registry.npmjs.org/graceful-fs/-/graceful-fs-4.2.11.tgz"
    integrity sha512-RbJ5/jmFcNNCcDV5o9eTnBLJ/HszWV0P73bc+Ff4nS/rJj+YaS6IGyiOL0VoBYX+l1Wrl3k63h/KrH+nhJ0XvQ==
  
  js-sha3@0.8.0:
    version "0.8.0"
    resolved "https://registry.npmjs.org/js-sha3/-/js-sha3-0.8.0.tgz"
    integrity sha512-gF1cRrHhIzNfToc802P800N8PpXS+evLLXfsVpowqmAFR9uwbi89WvXg2QspOmXL8QL86J4T1EpFu+yUkwJY3Q==
  
  jsonfile@^6.0.1:
    version "6.1.0"
    resolved "https://registry.npmjs.org/jsonfile/-/jsonfile-6.1.0.tgz"
    integrity sha512-5dgndWOriYSm5cnYaJNhalLNDKOqFwyDB/rr1E9ZsGciGvKPs8R2xYGCacuf3z6K1YKDz182fd+fY3cn3pMqXQ==
    dependencies:
      universalify "^2.0.0"
    optionalDependencies:
      graceful-fs "^4.1.6"
  
  memorystream@^0.3.1:
    version "0.3.1"
    resolved "https://registry.npmjs.org/memorystream/-/memorystream-0.3.1.tgz"
    integrity sha512-S3UwM3yj5mtUSEfP41UZmt/0SCoVYUcU1rkXv+BQ5Ig8ndL4sPoJNBUJERafdPb5jjHJGuMgytgKvKIf58XNBw==
  
  os-tmpdir@~1.0.2:
    version "1.0.2"
    resolved "https://registry.npmjs.org/os-tmpdir/-/os-tmpdir-1.0.2.tgz"
    integrity sha512-D2FR03Vir7FIu45XBY20mTb+/ZSWB00sjU9jdQXt83gDrI4Ztz5Fs7/yy74g2N5SVQY4xY1qDr4rNddwYRVX0g==
  
  prompt-sync@^4.2.0:
    version "4.2.0"
    resolved "https://registry.npmjs.org/prompt-sync/-/prompt-sync-4.2.0.tgz"
    integrity sha512-BuEzzc5zptP5LsgV5MZETjDaKSWfchl5U9Luiu8SKp7iZWD5tZalOxvNcZRwv+d2phNFr8xlbxmFNcRKfJOzJw==
    dependencies:
      strip-ansi "^5.0.0"
  
  semver@^5.5.0:
    version "5.7.2"
    resolved "https://registry.npmjs.org/semver/-/semver-5.7.2.tgz"
    integrity sha512-cBznnQ9KjJqU67B52RMC65CMarK2600WFnbkcaiwWq3xy/5haFJlshgnpjovMVJ+Hff49d8GEn0b87C5pDQ10g==
  
  solc@^0.8.7-fixed:
    version "0.8.21"
    resolved "https://registry.npmjs.org/solc/-/solc-0.8.21.tgz"
    integrity sha512-N55ogy2dkTRwiONbj4e6wMZqUNaLZkiRcjGyeafjLYzo/tf/IvhHY5P5wpe+H3Fubh9idu071i8eOGO31s1ylg==
    dependencies:
      command-exists "^1.2.8"
      commander "^8.1.0"
      follow-redirects "^1.12.1"
      js-sha3 "0.8.0"
      memorystream "^0.3.1"
      semver "^5.5.0"
      tmp "0.0.33"
  
  strip-ansi@^5.0.0:
    version "5.2.0"
    resolved "https://registry.npmjs.org/strip-ansi/-/strip-ansi-5.2.0.tgz"
    integrity sha512-DuRs1gKbBqsMKIZlrffwlug8MHkcnpjs5VPmL1PAh+mA30U0DTotfDZ0d2UUsXpPmPmMMJ6W773MaA3J+lbiWA==
    dependencies:
      ansi-regex "^4.1.0"
  
  tmp@0.0.33:
    version "0.0.33"
    resolved "https://registry.npmjs.org/tmp/-/tmp-0.0.33.tgz"
    integrity sha512-jRCJlojKnZ3addtTOjdIqoRuPEKBvNXcGYqzO6zWZX8KfKEpnGY5jfggJQ3EjKuu8D4bJRr0y+cYJFmYbImXGw==
    dependencies:
      os-tmpdir "~1.0.2"
  
  tslib@2.4.0:
    version "2.4.0"
    resolved "https://registry.npmjs.org/tslib/-/tslib-2.4.0.tgz"
    integrity sha512-d6xOpEDfsi2CZVlPQzGeux8XMwLT9hssAsaPYExaQMuYskwb+x1x7J371tWlbBdWHroy99KnVB6qIkUbs5X3UQ==
  
  universalify@^2.0.0:
    version "2.0.0"
    resolved "https://registry.npmjs.org/universalify/-/universalify-2.0.0.tgz"
    integrity sha512-hAZsKq7Yy11Zu1DE0OzWjw7nnLZmJZYTDZZyEFHZdUhV8FkH5MCfoU1XMaxXovpyW5nq5scPqq0ZDP9Zyl04oQ==
  
  ws@8.5.0:
    version "8.5.0"
    resolved "https://registry.npmjs.org/ws/-/ws-8.5.0.tgz"
    integrity sha512-BWX0SWVgLPzYwF8lTzEy1egjhS4S4OEAHfsO8o65WOVsrnSRGaSiUaa9e0ggGlkMTtBlmOpEXiie9RUcBO86qg==
